\BOOKMARK [1][-]{section.1}{Introduction}{}% 1
\BOOKMARK [1][-]{section.2}{Background and Related Work}{}% 2
\BOOKMARK [2][-]{subsection.2.1}{Background}{section.2}% 3
\BOOKMARK [3][-]{subsubsection.2.1.1}{Attack Model}{subsection.2.1}% 4
\BOOKMARK [3][-]{subsubsection.2.1.2}{Leap Motion Controllers}{subsection.2.1}% 5
\BOOKMARK [2][-]{subsection.2.2}{Related Work}{section.2}% 6
\BOOKMARK [1][-]{section.3}{MoCRA System Overview}{}% 7
\BOOKMARK [2][-]{subsection.3.1}{Why does MoCRA work?}{section.3}% 8
\BOOKMARK [2][-]{subsection.3.2}{How does MoCRA work?}{section.3}% 9
\BOOKMARK [1][-]{section.4}{Data Processing}{}% 10
\BOOKMARK [2][-]{subsection.4.1}{Leap Motion Data}{section.4}% 11
\BOOKMARK [2][-]{subsection.4.2}{Outlier Elimination}{section.4}% 12
\BOOKMARK [2][-]{subsection.4.3}{Word Segmentation}{section.4}% 13
\BOOKMARK [2][-]{subsection.4.4}{Sample Generation}{section.4}% 14
\BOOKMARK [1][-]{section.5}{Feature Extraction and Classification}{}% 15
\BOOKMARK [2][-]{subsection.5.1}{Frame-Level Feature}{section.5}% 16
\BOOKMARK [2][-]{subsection.5.2}{Stroke segment-level Feature}{section.5}% 17
\BOOKMARK [2][-]{subsection.5.3}{Style-level Feature}{section.5}% 18
\BOOKMARK [2][-]{subsection.5.4}{Classification}{section.5}% 19
\BOOKMARK [1][-]{section.6}{Experiment and Evaluation}{}% 20
\BOOKMARK [2][-]{subsection.6.1}{Results on CR Authentication}{section.6}% 21
\BOOKMARK [3][-]{subsubsection.6.1.1}{Evaluation Metrics}{subsection.6.1}% 22
\BOOKMARK [3][-]{subsubsection.6.1.2}{Results for blackNon-Observing Attackers}{subsection.6.1}% 23
\BOOKMARK [3][-]{subsubsection.6.1.3}{Results for Observing Attacks}{subsection.6.1}% 24
\BOOKMARK [1][-]{section.7}{Discussion and Conclusion}{}% 25
\BOOKMARK [2][-]{subsection.7.1}{Discussion}{section.7}% 26
\BOOKMARK [2][-]{subsection.7.2}{Conclusion}{section.7}% 27
\BOOKMARK [1][-]{section*.2}{References}{}% 28
\BOOKMARK [1][-]{IEEEbiography.0}{Biographies}{}% 29
\BOOKMARK [2][-]{IEEEbiography.1}{Jing Tian}{IEEEbiography.0}% 30
\BOOKMARK [2][-]{IEEEbiography.2}{Yu Cao}{IEEEbiography.0}% 31
\BOOKMARK [2][-]{IEEEbiography.3}{Wenyuan Xu}{IEEEbiography.0}% 32
\BOOKMARK [2][-]{IEEEbiography.4}{Song Wang}{IEEEbiography.0}% 33
